<?xml version="1.0" encoding="UTF-8"?>
<testsuite name="PointTest" tests="1" skipped="0" failures="0" errors="0" timestamp="2015-02-21T21:16:17" hostname="viktor-Lenovo-Z580" time="0.002">
  <properties/>
  <testcase name="test" classname="PointTest" time="0.002"/>
  <system-out><![CDATA[]]></system-out>
  <system-err><![CDATA[]]></system-err>
</testsuite>
